2020-05-07 22:41:39.507  INFO 928 --- [restartedMain] c.c.c.ConfigServicePropertySourceLocator : Fetching config from server at : http://localhost:8888
2020-05-07 22:41:40.833  INFO 928 --- [restartedMain] c.c.c.ConfigServicePropertySourceLocator : Located environment: name=rental-service, profiles=[default], label=null, version=3389aac4dce076a35db80886cfacb57cf190d067, state=null
2020-05-07 22:41:40.833  INFO 928 --- [restartedMain] b.c.PropertySourceBootstrapConfiguration : Located property source: [BootstrapPropertySource {name='bootstrapProperties-configClient'}, BootstrapPropertySource {name='bootstrapProperties-https://github.com/saif7159/MovieProject.git/configuration-files/rental-service/application.yml'}]
2020-05-07 22:41:40.852  INFO 928 --- [restartedMain] c.movie.rental.RentalServiceApplication  : No active profile set, falling back to default profiles: default
2020-05-07 22:41:41.551  INFO 928 --- [restartedMain] .s.d.r.c.RepositoryConfigurationDelegate : Bootstrapping Spring Data JPA repositories in DEFAULT mode.
2020-05-07 22:41:41.571  INFO 928 --- [restartedMain] .s.d.r.c.RepositoryConfigurationDelegate : Finished Spring Data repository scanning in 19ms. Found 1 JPA repository interfaces.
2020-05-07 22:41:41.695  INFO 928 --- [restartedMain] o.s.cloud.context.scope.GenericScope     : BeanFactory id=870e5d87-0c38-34eb-a780-a0409cbc2e17
2020-05-07 22:41:41.711  INFO 928 --- [restartedMain] trationDelegate$BeanPostProcessorChecker : Bean 'com.movie.rental.client.CatalogueClient' of type [org.springframework.cloud.openfeign.FeignClientFactoryBean] is not eligible for getting processed by all BeanPostProcessors (for example: not eligible for auto-proxying)
2020-05-07 22:41:41.712  INFO 928 --- [restartedMain] trationDelegate$BeanPostProcessorChecker : Bean 'com.movie.rental.client.UserClient' of type [org.springframework.cloud.openfeign.FeignClientFactoryBean] is not eligible for getting processed by all BeanPostProcessors (for example: not eligible for auto-proxying)
2020-05-07 22:41:41.844  INFO 928 --- [restartedMain] o.s.b.w.embedded.tomcat.TomcatWebServer  : Tomcat initialized with port(s): 8023 (http)
2020-05-07 22:41:41.845  INFO 928 --- [restartedMain] o.apache.catalina.core.StandardService   : Starting service [Tomcat]
2020-05-07 22:41:41.846  INFO 928 --- [restartedMain] org.apache.catalina.core.StandardEngine  : Starting Servlet engine: [Apache Tomcat/9.0.33]
2020-05-07 22:41:41.888  INFO 928 --- [restartedMain] o.a.c.c.C.[Tomcat].[localhost].[/]       : Initializing Spring embedded WebApplicationContext
2020-05-07 22:41:41.888  INFO 928 --- [restartedMain] o.s.web.context.ContextLoader            : Root WebApplicationContext: initialization completed in 1032 ms
2020-05-07 22:41:42.518  INFO 928 --- [restartedMain] o.hibernate.jpa.internal.util.LogHelper  : HHH000204: Processing PersistenceUnitInfo [name: default]
2020-05-07 22:41:42.534  INFO 928 --- [restartedMain] com.zaxxer.hikari.HikariDataSource       : HikariPool-3 - Starting...
2020-05-07 22:41:42.561  INFO 928 --- [restartedMain] com.zaxxer.hikari.HikariDataSource       : HikariPool-3 - Start completed.
2020-05-07 22:41:42.562  INFO 928 --- [restartedMain] org.hibernate.dialect.Dialect            : HHH000400: Using dialect: org.hibernate.dialect.MySQL8Dialect
2020-05-07 22:41:42.646  INFO 928 --- [restartedMain] o.h.e.t.j.p.i.JtaPlatformInitiator       : HHH000490: Using JtaPlatform implementation: [org.hibernate.engine.transaction.jta.platform.internal.NoJtaPlatform]
2020-05-07 22:41:42.647  INFO 928 --- [restartedMain] j.LocalContainerEntityManagerFactoryBean : Initialized JPA EntityManagerFactory for persistence unit 'default'
2020-05-07 22:41:42.672  WARN 928 --- [restartedMain] o.s.b.d.a.OptionalLiveReloadServer       : Unable to start LiveReload server
2020-05-07 22:41:42.822  WARN 928 --- [restartedMain] JpaBaseConfiguration$JpaWebConfiguration : spring.jpa.open-in-view is enabled by default. Therefore, database queries may be performed during view rendering. Explicitly configure spring.jpa.open-in-view to disable this warning
2020-05-07 22:41:42.903  INFO 928 --- [restartedMain] o.s.s.concurrent.ThreadPoolTaskExecutor  : Initializing ExecutorService
2020-05-07 22:41:42.904  INFO 928 --- [restartedMain] o.s.s.concurrent.ThreadPoolTaskExecutor  : Initializing ExecutorService 'taskExecutor'
2020-05-07 22:41:42.913  WARN 928 --- [restartedMain] c.n.c.sources.URLConfigurationSource     : No URLs will be polled as dynamic configuration sources.
2020-05-07 22:41:42.914  INFO 928 --- [restartedMain] c.n.c.sources.URLConfigurationSource     : To enable URLs as dynamic configuration sources, define System property archaius.configurationSource.additionalUrls or make config.properties available on classpath.
2020-05-07 22:41:43.346  WARN 928 --- [restartedMain] ockingLoadBalancerClientRibbonWarnLogger : You already have RibbonLoadBalancerClient on your classpath. It will be used by default. As Spring Cloud Ribbon is in maintenance mode. We recommend switching to BlockingLoadBalancerClient instead. In order to use it, set the value of `spring.cloud.loadbalancer.ribbon.enabled` to `false` or remove spring-cloud-starter-netflix-ribbon from your project.
2020-05-07 22:41:43.367  INFO 928 --- [restartedMain] o.s.b.a.e.web.EndpointLinksResolver      : Exposing 1 endpoint(s) beneath base path '/actuator'
2020-05-07 22:41:43.407  INFO 928 --- [restartedMain] o.s.c.n.eureka.InstanceInfoFactory       : Setting initial instance status as: STARTING
2020-05-07 22:41:43.410  INFO 928 --- [restartedMain] com.netflix.discovery.DiscoveryClient    : Initializing Eureka in region us-east-1
2020-05-07 22:41:43.411  INFO 928 --- [restartedMain] c.n.d.provider.DiscoveryJerseyProvider   : Using JSON encoding codec LegacyJacksonJson
2020-05-07 22:41:43.411  INFO 928 --- [restartedMain] c.n.d.provider.DiscoveryJerseyProvider   : Using JSON decoding codec LegacyJacksonJson
2020-05-07 22:41:43.411  INFO 928 --- [restartedMain] c.n.d.provider.DiscoveryJerseyProvider   : Using XML encoding codec XStreamXml
2020-05-07 22:41:43.411  INFO 928 --- [restartedMain] c.n.d.provider.DiscoveryJerseyProvider   : Using XML decoding codec XStreamXml
2020-05-07 22:41:43.480  INFO 928 --- [restartedMain] c.n.d.s.r.aws.ConfigClusterResolver      : Resolving eureka endpoints via configuration
2020-05-07 22:41:43.482  INFO 928 --- [restartedMain] com.netflix.discovery.DiscoveryClient    : Disable delta property : false
2020-05-07 22:41:43.482  INFO 928 --- [restartedMain] com.netflix.discovery.DiscoveryClient    : Single vip registry refresh property : null
2020-05-07 22:41:43.482  INFO 928 --- [restartedMain] com.netflix.discovery.DiscoveryClient    : Force full registry fetch : false
2020-05-07 22:41:43.482  INFO 928 --- [restartedMain] com.netflix.discovery.DiscoveryClient    : Application is null : false
2020-05-07 22:41:43.482  INFO 928 --- [restartedMain] com.netflix.discovery.DiscoveryClient    : Registered Applications size is zero : true
2020-05-07 22:41:43.482  INFO 928 --- [restartedMain] com.netflix.discovery.DiscoveryClient    : Application version is -1: true
2020-05-07 22:41:43.482  INFO 928 --- [restartedMain] com.netflix.discovery.DiscoveryClient    : Getting all instance registry info from the eureka server
2020-05-07 22:41:43.486  INFO 928 --- [restartedMain] com.netflix.discovery.DiscoveryClient    : The response status is 200
2020-05-07 22:41:43.487  INFO 928 --- [restartedMain] com.netflix.discovery.DiscoveryClient    : Starting heartbeat executor: renew interval is: 30
2020-05-07 22:41:43.487  INFO 928 --- [restartedMain] c.n.discovery.InstanceInfoReplicator     : InstanceInfoReplicator onDemand update allowed rate per min is 4
2020-05-07 22:41:43.488  INFO 928 --- [restartedMain] com.netflix.discovery.DiscoveryClient    : Discovery Client initialized at timestamp 1588871503488 with initial instances count: 4
2020-05-07 22:41:43.491  INFO 928 --- [restartedMain] o.s.c.n.e.s.EurekaServiceRegistry        : Registering application RENTAL-SERVICE with eureka with status UP
2020-05-07 22:41:43.491  INFO 928 --- [restartedMain] com.netflix.discovery.DiscoveryClient    : Saw local status change event StatusChangeEvent [timestamp=1588871503491, current=UP, previous=STARTING]
2020-05-07 22:41:43.491  INFO 928 --- [DiscoveryClient-InstanceInfoReplicator-0] com.netflix.discovery.DiscoveryClient    : DiscoveryClient_RENTAL-SERVICE/LAPTOP-LEL9689K:rental-service:8023: registering service...
2020-05-07 22:41:43.498  INFO 928 --- [DiscoveryClient-InstanceInfoReplicator-0] com.netflix.discovery.DiscoveryClient    : DiscoveryClient_RENTAL-SERVICE/LAPTOP-LEL9689K:rental-service:8023 - registration status: 204
2020-05-07 22:41:43.514  INFO 928 --- [restartedMain] o.s.b.w.embedded.tomcat.TomcatWebServer  : Tomcat started on port(s): 8023 (http) with context path ''
2020-05-07 22:41:43.516  INFO 928 --- [restartedMain] .s.c.n.e.s.EurekaAutoServiceRegistration : Updating port to 8023
2020-05-07 22:41:43.800  INFO 928 --- [restartedMain] c.movie.rental.RentalServiceApplication  : Started RentalServiceApplication in 4.795 seconds (JVM running for 703.191)
2020-05-07 22:41:43.803  INFO 928 --- [restartedMain] .ConditionEvaluationDeltaLoggingListener : Condition evaluation unchanged
2020-05-07 22:44:05.080  INFO 928 --- [Thread-24] o.s.c.n.e.s.EurekaServiceRegistry        : Unregistering application RENTAL-SERVICE with eureka with status DOWN
2020-05-07 22:44:05.080  WARN 928 --- [Thread-24] com.netflix.discovery.DiscoveryClient    : Saw local status change event StatusChangeEvent [timestamp=1588871645080, current=DOWN, previous=UP]
2020-05-07 22:44:05.080  INFO 928 --- [DiscoveryClient-InstanceInfoReplicator-0] com.netflix.discovery.DiscoveryClient    : DiscoveryClient_RENTAL-SERVICE/LAPTOP-LEL9689K:rental-service:8023: registering service...
2020-05-07 22:44:05.083  INFO 928 --- [Thread-24] o.s.s.concurrent.ThreadPoolTaskExecutor  : Shutting down ExecutorService 'taskExecutor'
2020-05-07 22:44:05.085  INFO 928 --- [Thread-24] j.LocalContainerEntityManagerFactoryBean : Closing JPA EntityManagerFactory for persistence unit 'default'
2020-05-07 22:44:05.086  INFO 928 --- [DiscoveryClient-InstanceInfoReplicator-0] com.netflix.discovery.DiscoveryClient    : DiscoveryClient_RENTAL-SERVICE/LAPTOP-LEL9689K:rental-service:8023 - registration status: 204
2020-05-07 22:44:05.088  INFO 928 --- [Thread-24] com.zaxxer.hikari.HikariDataSource       : HikariPool-3 - Shutdown initiated...
2020-05-07 22:44:05.101  INFO 928 --- [Thread-24] com.zaxxer.hikari.HikariDataSource       : HikariPool-3 - Shutdown completed.
2020-05-07 22:44:05.103  INFO 928 --- [Thread-24] com.netflix.discovery.DiscoveryClient    : Shutting down DiscoveryClient ...
2020-05-07 22:44:08.106  INFO 928 --- [Thread-24] com.netflix.discovery.DiscoveryClient    : Unregistering ...
2020-05-07 22:44:08.111  INFO 928 --- [Thread-24] com.netflix.discovery.DiscoveryClient    : DiscoveryClient_RENTAL-SERVICE/LAPTOP-LEL9689K:rental-service:8023 - deregister  status: 200
2020-05-07 22:44:08.126  INFO 928 --- [Thread-24] com.netflix.discovery.DiscoveryClient    : Completed shut down of DiscoveryClient
2020-05-07 22:44:09.013  INFO 928 --- [restartedMain] c.c.c.ConfigServicePropertySourceLocator : Fetching config from server at : http://localhost:8888
2020-05-07 22:44:10.165  INFO 928 --- [restartedMain] c.c.c.ConfigServicePropertySourceLocator : Located environment: name=rental-service, profiles=[default], label=null, version=3389aac4dce076a35db80886cfacb57cf190d067, state=null
2020-05-07 22:44:10.166  INFO 928 --- [restartedMain] b.c.PropertySourceBootstrapConfiguration : Located property source: [BootstrapPropertySource {name='bootstrapProperties-configClient'}, BootstrapPropertySource {name='bootstrapProperties-https://github.com/saif7159/MovieProject.git/configuration-files/rental-service/application.yml'}]
2020-05-07 22:44:10.173  INFO 928 --- [restartedMain] c.movie.rental.RentalServiceApplication  : No active profile set, falling back to default profiles: default
2020-05-07 22:44:10.653  INFO 928 --- [restartedMain] .s.d.r.c.RepositoryConfigurationDelegate : Bootstrapping Spring Data JPA repositories in DEFAULT mode.
2020-05-07 22:44:10.666  INFO 928 --- [restartedMain] .s.d.r.c.RepositoryConfigurationDelegate : Finished Spring Data repository scanning in 12ms. Found 1 JPA repository interfaces.
2020-05-07 22:44:10.774  INFO 928 --- [restartedMain] o.s.cloud.context.scope.GenericScope     : BeanFactory id=870e5d87-0c38-34eb-a780-a0409cbc2e17
2020-05-07 22:44:10.795  INFO 928 --- [restartedMain] trationDelegate$BeanPostProcessorChecker : Bean 'com.movie.rental.client.CatalogueClient' of type [org.springframework.cloud.openfeign.FeignClientFactoryBean] is not eligible for getting processed by all BeanPostProcessors (for example: not eligible for auto-proxying)
2020-05-07 22:44:10.796  INFO 928 --- [restartedMain] trationDelegate$BeanPostProcessorChecker : Bean 'com.movie.rental.client.UserClient' of type [org.springframework.cloud.openfeign.FeignClientFactoryBean] is not eligible for getting processed by all BeanPostProcessors (for example: not eligible for auto-proxying)
2020-05-07 22:44:10.906  INFO 928 --- [restartedMain] o.s.b.w.embedded.tomcat.TomcatWebServer  : Tomcat initialized with port(s): 8023 (http)
2020-05-07 22:44:10.907  INFO 928 --- [restartedMain] o.apache.catalina.core.StandardService   : Starting service [Tomcat]
2020-05-07 22:44:10.907  INFO 928 --- [restartedMain] org.apache.catalina.core.StandardEngine  : Starting Servlet engine: [Apache Tomcat/9.0.33]
2020-05-07 22:44:10.948  INFO 928 --- [restartedMain] o.a.c.c.C.[Tomcat].[localhost].[/]       : Initializing Spring embedded WebApplicationContext
2020-05-07 22:44:10.948  INFO 928 --- [restartedMain] o.s.web.context.ContextLoader            : Root WebApplicationContext: initialization completed in 771 ms
2020-05-07 22:44:11.355  INFO 928 --- [restartedMain] o.hibernate.jpa.internal.util.LogHelper  : HHH000204: Processing PersistenceUnitInfo [name: default]
2020-05-07 22:44:11.364  INFO 928 --- [restartedMain] com.zaxxer.hikari.HikariDataSource       : HikariPool-4 - Starting...
2020-05-07 22:44:11.386  INFO 928 --- [restartedMain] com.zaxxer.hikari.HikariDataSource       : HikariPool-4 - Start completed.
2020-05-07 22:44:11.387  INFO 928 --- [restartedMain] org.hibernate.dialect.Dialect            : HHH000400: Using dialect: org.hibernate.dialect.MySQL8Dialect
2020-05-07 22:44:11.450  INFO 928 --- [restartedMain] o.h.e.t.j.p.i.JtaPlatformInitiator       : HHH000490: Using JtaPlatform implementation: [org.hibernate.engine.transaction.jta.platform.internal.NoJtaPlatform]
2020-05-07 22:44:11.451  INFO 928 --- [restartedMain] j.LocalContainerEntityManagerFactoryBean : Initialized JPA EntityManagerFactory for persistence unit 'default'
2020-05-07 22:44:11.470  WARN 928 --- [restartedMain] o.s.b.d.a.OptionalLiveReloadServer       : Unable to start LiveReload server
2020-05-07 22:44:11.612  WARN 928 --- [restartedMain] JpaBaseConfiguration$JpaWebConfiguration : spring.jpa.open-in-view is enabled by default. Therefore, database queries may be performed during view rendering. Explicitly configure spring.jpa.open-in-view to disable this warning
2020-05-07 22:44:11.734  INFO 928 --- [restartedMain] o.s.s.concurrent.ThreadPoolTaskExecutor  : Initializing ExecutorService
2020-05-07 22:44:11.735  INFO 928 --- [restartedMain] o.s.s.concurrent.ThreadPoolTaskExecutor  : Initializing ExecutorService 'taskExecutor'
2020-05-07 22:44:11.748  WARN 928 --- [restartedMain] c.n.c.sources.URLConfigurationSource     : No URLs will be polled as dynamic configuration sources.
2020-05-07 22:44:11.749  INFO 928 --- [restartedMain] c.n.c.sources.URLConfigurationSource     : To enable URLs as dynamic configuration sources, define System property archaius.configurationSource.additionalUrls or make config.properties available on classpath.
2020-05-07 22:44:12.296  WARN 928 --- [restartedMain] ockingLoadBalancerClientRibbonWarnLogger : You already have RibbonLoadBalancerClient on your classpath. It will be used by default. As Spring Cloud Ribbon is in maintenance mode. We recommend switching to BlockingLoadBalancerClient instead. In order to use it, set the value of `spring.cloud.loadbalancer.ribbon.enabled` to `false` or remove spring-cloud-starter-netflix-ribbon from your project.
2020-05-07 22:44:12.316  INFO 928 --- [restartedMain] o.s.b.a.e.web.EndpointLinksResolver      : Exposing 1 endpoint(s) beneath base path '/actuator'
2020-05-07 22:44:12.353  INFO 928 --- [restartedMain] o.s.c.n.eureka.InstanceInfoFactory       : Setting initial instance status as: STARTING
2020-05-07 22:44:12.356  INFO 928 --- [restartedMain] com.netflix.discovery.DiscoveryClient    : Initializing Eureka in region us-east-1
2020-05-07 22:44:12.356  INFO 928 --- [restartedMain] c.n.d.provider.DiscoveryJerseyProvider   : Using JSON encoding codec LegacyJacksonJson
2020-05-07 22:44:12.356  INFO 928 --- [restartedMain] c.n.d.provider.DiscoveryJerseyProvider   : Using JSON decoding codec LegacyJacksonJson
2020-05-07 22:44:12.356  INFO 928 --- [restartedMain] c.n.d.provider.DiscoveryJerseyProvider   : Using XML encoding codec XStreamXml
2020-05-07 22:44:12.357  INFO 928 --- [restartedMain] c.n.d.provider.DiscoveryJerseyProvider   : Using XML decoding codec XStreamXml
2020-05-07 22:44:12.430  INFO 928 --- [restartedMain] c.n.d.s.r.aws.ConfigClusterResolver      : Resolving eureka endpoints via configuration
2020-05-07 22:44:12.431  INFO 928 --- [restartedMain] com.netflix.discovery.DiscoveryClient    : Disable delta property : false
2020-05-07 22:44:12.431  INFO 928 --- [restartedMain] com.netflix.discovery.DiscoveryClient    : Single vip registry refresh property : null
2020-05-07 22:44:12.431  INFO 928 --- [restartedMain] com.netflix.discovery.DiscoveryClient    : Force full registry fetch : false
2020-05-07 22:44:12.431  INFO 928 --- [restartedMain] com.netflix.discovery.DiscoveryClient    : Application is null : false
2020-05-07 22:44:12.431  INFO 928 --- [restartedMain] com.netflix.discovery.DiscoveryClient    : Registered Applications size is zero : true
2020-05-07 22:44:12.431  INFO 928 --- [restartedMain] com.netflix.discovery.DiscoveryClient    : Application version is -1: true
2020-05-07 22:44:12.431  INFO 928 --- [restartedMain] com.netflix.discovery.DiscoveryClient    : Getting all instance registry info from the eureka server
2020-05-07 22:44:12.436  INFO 928 --- [restartedMain] com.netflix.discovery.DiscoveryClient    : The response status is 200
2020-05-07 22:44:12.437  INFO 928 --- [restartedMain] com.netflix.discovery.DiscoveryClient    : Starting heartbeat executor: renew interval is: 30
2020-05-07 22:44:12.438  INFO 928 --- [restartedMain] c.n.discovery.InstanceInfoReplicator     : InstanceInfoReplicator onDemand update allowed rate per min is 4
2020-05-07 22:44:12.438  INFO 928 --- [restartedMain] com.netflix.discovery.DiscoveryClient    : Discovery Client initialized at timestamp 1588871652438 with initial instances count: 4
2020-05-07 22:44:12.440  INFO 928 --- [restartedMain] o.s.c.n.e.s.EurekaServiceRegistry        : Registering application RENTAL-SERVICE with eureka with status UP
2020-05-07 22:44:12.441  INFO 928 --- [restartedMain] com.netflix.discovery.DiscoveryClient    : Saw local status change event StatusChangeEvent [timestamp=1588871652441, current=UP, previous=STARTING]
2020-05-07 22:44:12.441  INFO 928 --- [DiscoveryClient-InstanceInfoReplicator-0] com.netflix.discovery.DiscoveryClient    : DiscoveryClient_RENTAL-SERVICE/LAPTOP-LEL9689K:rental-service:8023: registering service...
2020-05-07 22:44:12.449  INFO 928 --- [DiscoveryClient-InstanceInfoReplicator-0] com.netflix.discovery.DiscoveryClient    : DiscoveryClient_RENTAL-SERVICE/LAPTOP-LEL9689K:rental-service:8023 - registration status: 204
2020-05-07 22:44:12.464  INFO 928 --- [restartedMain] o.s.b.w.embedded.tomcat.TomcatWebServer  : Tomcat started on port(s): 8023 (http) with context path ''
2020-05-07 22:44:12.465  INFO 928 --- [restartedMain] .s.c.n.e.s.EurekaAutoServiceRegistration : Updating port to 8023
2020-05-07 22:44:12.702  INFO 928 --- [restartedMain] c.movie.rental.RentalServiceApplication  : Started RentalServiceApplication in 4.211 seconds (JVM running for 852.093)
2020-05-07 22:44:12.706  INFO 928 --- [restartedMain] .ConditionEvaluationDeltaLoggingListener : Condition evaluation unchanged
2020-05-07 22:44:20.971  INFO 928 --- [http-nio-8023-exec-2] o.a.c.c.C.[Tomcat].[localhost].[/]       : Initializing Spring DispatcherServlet 'dispatcherServlet'
2020-05-07 22:44:20.971  INFO 928 --- [http-nio-8023-exec-2] o.s.web.servlet.DispatcherServlet        : Initializing Servlet 'dispatcherServlet'
2020-05-07 22:44:20.978  INFO 928 --- [http-nio-8023-exec-2] o.s.web.servlet.DispatcherServlet        : Completed initialization in 7 ms
2020-05-07 22:44:20.986  INFO 928 --- [ServiceLookup-1] com.movie.rental.service.RentalService   : Looking up for the user2 ServiceLookup-1
2020-05-07 22:44:20.987  INFO 928 --- [ServiceLookup-2] com.movie.rental.service.RentalService   : Looking for Movie3 ServiceLookup-2
2020-05-07 22:44:21.048  INFO 928 --- [ServiceLookup-1] c.netflix.config.ChainedDynamicProperty  : Flipping property: user-service.ribbon.ActiveConnectionsLimit to use NEXT property: niws.loadbalancer.availabilityFilteringRule.activeConnectionsLimit = 2147483647
2020-05-07 22:44:21.051  INFO 928 --- [ServiceLookup-1] c.n.u.concurrent.ShutdownEnabledTimer    : Shutdown hook installed for: NFLoadBalancer-PingTimer-user-service
2020-05-07 22:44:21.051  INFO 928 --- [ServiceLookup-1] c.netflix.loadbalancer.BaseLoadBalancer  : Client: user-service instantiated a LoadBalancer: DynamicServerListLoadBalancer:{NFLoadBalancer:name=user-service,current list of Servers=[],Load balancer stats=Zone stats: {},Server stats: []}ServerList:null
2020-05-07 22:44:21.053  INFO 928 --- [ServiceLookup-1] c.n.l.DynamicServerListLoadBalancer      : Using serverListUpdater PollingServerListUpdater
2020-05-07 22:44:21.055  INFO 928 --- [ServiceLookup-1] c.netflix.config.ChainedDynamicProperty  : Flipping property: user-service.ribbon.ActiveConnectionsLimit to use NEXT property: niws.loadbalancer.availabilityFilteringRule.activeConnectionsLimit = 2147483647
2020-05-07 22:44:21.056  INFO 928 --- [ServiceLookup-1] c.n.l.DynamicServerListLoadBalancer      : DynamicServerListLoadBalancer for client user-service initialized: DynamicServerListLoadBalancer:{NFLoadBalancer:name=user-service,current list of Servers=[LAPTOP-LEL9689K:8021],Load balancer stats=Zone stats: {defaultzone=[Zone:defaultzone;	Instance count:1;	Active connections count: 0;	Circuit breaker tripped count: 0;	Active connections per server: 0.0;]
},Server stats: [[Server:LAPTOP-LEL9689K:8021;	Zone:defaultZone;	Total Requests:0;	Successive connection failure:0;	Total blackout seconds:0;	Last connection made:Thu Jan 01 05:30:00 IST 1970;	First connection made: Thu Jan 01 05:30:00 IST 1970;	Active Connections:0;	total failure count in last (1000) msecs:0;	average resp time:0.0;	90 percentile resp time:0.0;	95 percentile resp time:0.0;	min resp time:0.0;	max resp time:0.0;	stddev resp time:0.0]
]}ServerList:org.springframework.cloud.netflix.ribbon.eureka.DomainExtractingServerList@2e47a6c6
2020-05-07 22:44:21.141  INFO 928 --- [ServiceLookup-2] c.netflix.config.ChainedDynamicProperty  : Flipping property: movie-service.ribbon.ActiveConnectionsLimit to use NEXT property: niws.loadbalancer.availabilityFilteringRule.activeConnectionsLimit = 2147483647
2020-05-07 22:44:21.143  INFO 928 --- [ServiceLookup-2] c.n.u.concurrent.ShutdownEnabledTimer    : Shutdown hook installed for: NFLoadBalancer-PingTimer-movie-service
2020-05-07 22:44:21.144  INFO 928 --- [ServiceLookup-2] c.netflix.loadbalancer.BaseLoadBalancer  : Client: movie-service instantiated a LoadBalancer: DynamicServerListLoadBalancer:{NFLoadBalancer:name=movie-service,current list of Servers=[],Load balancer stats=Zone stats: {},Server stats: []}ServerList:null
2020-05-07 22:44:21.145  INFO 928 --- [ServiceLookup-2] c.n.l.DynamicServerListLoadBalancer      : Using serverListUpdater PollingServerListUpdater
2020-05-07 22:44:21.147  INFO 928 --- [ServiceLookup-2] c.netflix.config.ChainedDynamicProperty  : Flipping property: movie-service.ribbon.ActiveConnectionsLimit to use NEXT property: niws.loadbalancer.availabilityFilteringRule.activeConnectionsLimit = 2147483647
2020-05-07 22:44:21.148  INFO 928 --- [ServiceLookup-2] c.n.l.DynamicServerListLoadBalancer      : DynamicServerListLoadBalancer for client movie-service initialized: DynamicServerListLoadBalancer:{NFLoadBalancer:name=movie-service,current list of Servers=[LAPTOP-LEL9689K:8022],Load balancer stats=Zone stats: {defaultzone=[Zone:defaultzone;	Instance count:1;	Active connections count: 0;	Circuit breaker tripped count: 0;	Active connections per server: 0.0;]
},Server stats: [[Server:LAPTOP-LEL9689K:8022;	Zone:defaultZone;	Total Requests:0;	Successive connection failure:0;	Total blackout seconds:0;	Last connection made:Thu Jan 01 05:30:00 IST 1970;	First connection made: Thu Jan 01 05:30:00 IST 1970;	Active Connections:0;	total failure count in last (1000) msecs:0;	average resp time:0.0;	90 percentile resp time:0.0;	95 percentile resp time:0.0;	min resp time:0.0;	max resp time:0.0;	stddev resp time:0.0]
]}ServerList:org.springframework.cloud.netflix.ribbon.eureka.DomainExtractingServerList@48d96409
2020-05-07 22:44:21.175  INFO 928 --- [ServiceLookup-2] com.movie.rental.service.RentalService   : Finally Found Movie3
2020-05-07 22:44:22.056  INFO 928 --- [PollingServerListUpdater-1] c.netflix.config.ChainedDynamicProperty  : Flipping property: user-service.ribbon.ActiveConnectionsLimit to use NEXT property: niws.loadbalancer.availabilityFilteringRule.activeConnectionsLimit = 2147483647
2020-05-07 22:44:22.147  INFO 928 --- [PollingServerListUpdater-0] c.netflix.config.ChainedDynamicProperty  : Flipping property: movie-service.ribbon.ActiveConnectionsLimit to use NEXT property: niws.loadbalancer.availabilityFilteringRule.activeConnectionsLimit = 2147483647
2020-05-07 22:44:23.086  INFO 928 --- [ServiceLookup-1] com.movie.rental.service.RentalService   : Finally Found User2
2020-05-07 22:44:23.088  INFO 928 --- [http-nio-8023-exec-2] com.movie.rental.service.RentalService   : test loghttp-nio-8023-exec-2
2020-05-07 22:44:23.114  WARN 928 --- [http-nio-8023-exec-2] o.h.engine.jdbc.spi.SqlExceptionHelper   : SQL Error: 1062, SQLState: 23000
2020-05-07 22:44:23.115 ERROR 928 --- [http-nio-8023-exec-2] o.h.engine.jdbc.spi.SqlExceptionHelper   : Duplicate entry '2-3' for key 'UKtjhkqogaw73vy272t1y41j63k'
2020-05-07 22:44:23.173 ERROR 928 --- [http-nio-8023-exec-2] o.a.c.c.C.[.[.[/].[dispatcherServlet]    : Servlet.service() for servlet [dispatcherServlet] in context with path [] threw exception [Request processing failed; nested exception is org.springframework.dao.DataIntegrityViolationException: could not execute statement; SQL [n/a]; constraint [UKtjhkqogaw73vy272t1y41j63k]; nested exception is org.hibernate.exception.ConstraintViolationException: could not execute statement] with root cause

java.sql.SQLIntegrityConstraintViolationException: Duplicate entry '2-3' for key 'UKtjhkqogaw73vy272t1y41j63k'
	at com.mysql.cj.jdbc.exceptions.SQLError.createSQLException(SQLError.java:117) ~[mysql-connector-java-8.0.19.jar:8.0.19]
	at com.mysql.cj.jdbc.exceptions.SQLError.createSQLException(SQLError.java:97) ~[mysql-connector-java-8.0.19.jar:8.0.19]
	at com.mysql.cj.jdbc.exceptions.SQLExceptionsMapping.translateException(SQLExceptionsMapping.java:122) ~[mysql-connector-java-8.0.19.jar:8.0.19]
	at com.mysql.cj.jdbc.ClientPreparedStatement.executeInternal(ClientPreparedStatement.java:953) ~[mysql-connector-java-8.0.19.jar:8.0.19]
	at com.mysql.cj.jdbc.ClientPreparedStatement.executeUpdateInternal(ClientPreparedStatement.java:1092) ~[mysql-connector-java-8.0.19.jar:8.0.19]
	at com.mysql.cj.jdbc.ClientPreparedStatement.executeUpdateInternal(ClientPreparedStatement.java:1040) ~[mysql-connector-java-8.0.19.jar:8.0.19]
	at com.mysql.cj.jdbc.ClientPreparedStatement.executeLargeUpdate(ClientPreparedStatement.java:1347) ~[mysql-connector-java-8.0.19.jar:8.0.19]
	at com.mysql.cj.jdbc.ClientPreparedStatement.executeUpdate(ClientPreparedStatement.java:1025) ~[mysql-connector-java-8.0.19.jar:8.0.19]
	at com.zaxxer.hikari.pool.ProxyPreparedStatement.executeUpdate(ProxyPreparedStatement.java:61) ~[HikariCP-3.4.2.jar:na]
	at com.zaxxer.hikari.pool.HikariProxyPreparedStatement.executeUpdate(HikariProxyPreparedStatement.java) ~[HikariCP-3.4.2.jar:na]
	at org.hibernate.engine.jdbc.internal.ResultSetReturnImpl.executeUpdate(ResultSetReturnImpl.java:197) ~[hibernate-core-5.4.12.Final.jar:5.4.12.Final]
	at org.hibernate.dialect.identity.GetGeneratedKeysDelegate.executeAndExtract(GetGeneratedKeysDelegate.java:57) ~[hibernate-core-5.4.12.Final.jar:5.4.12.Final]
	at org.hibernate.id.insert.AbstractReturningDelegate.performInsert(AbstractReturningDelegate.java:43) ~[hibernate-core-5.4.12.Final.jar:5.4.12.Final]
	at org.hibernate.persister.entity.AbstractEntityPersister.insert(AbstractEntityPersister.java:3133) ~[hibernate-core-5.4.12.Final.jar:5.4.12.Final]
	at org.hibernate.persister.entity.AbstractEntityPersister.insert(AbstractEntityPersister.java:3737) ~[hibernate-core-5.4.12.Final.jar:5.4.12.Final]
	at org.hibernate.action.internal.EntityIdentityInsertAction.execute(EntityIdentityInsertAction.java:84) ~[hibernate-core-5.4.12.Final.jar:5.4.12.Final]
	at org.hibernate.engine.spi.ActionQueue.execute(ActionQueue.java:645) ~[hibernate-core-5.4.12.Final.jar:5.4.12.Final]
	at org.hibernate.engine.spi.ActionQueue.addResolvedEntityInsertAction(ActionQueue.java:282) ~[hibernate-core-5.4.12.Final.jar:5.4.12.Final]
	at org.hibernate.engine.spi.ActionQueue.addInsertAction(ActionQueue.java:263) ~[hibernate-core-5.4.12.Final.jar:5.4.12.Final]
	at org.hibernate.engine.spi.ActionQueue.addAction(ActionQueue.java:317) ~[hibernate-core-5.4.12.Final.jar:5.4.12.Final]
	at org.hibernate.event.internal.AbstractSaveEventListener.addInsertAction(AbstractSaveEventListener.java:330) ~[hibernate-core-5.4.12.Final.jar:5.4.12.Final]
	at org.hibernate.event.internal.AbstractSaveEventListener.performSaveOrReplicate(AbstractSaveEventListener.java:287) ~[hibernate-core-5.4.12.Final.jar:5.4.12.Final]
	at org.hibernate.event.internal.AbstractSaveEventListener.performSave(AbstractSaveEventListener.java:193) ~[hibernate-core-5.4.12.Final.jar:5.4.12.Final]
	at org.hibernate.event.internal.AbstractSaveEventListener.saveWithGeneratedId(AbstractSaveEventListener.java:123) ~[hibernate-core-5.4.12.Final.jar:5.4.12.Final]
	at org.hibernate.event.internal.DefaultPersistEventListener.entityIsTransient(DefaultPersistEventListener.java:185) ~[hibernate-core-5.4.12.Final.jar:5.4.12.Final]
	at org.hibernate.event.internal.DefaultPersistEventListener.onPersist(DefaultPersistEventListener.java:128) ~[hibernate-core-5.4.12.Final.jar:5.4.12.Final]
	at org.hibernate.event.internal.DefaultPersistEventListener.onPersist(DefaultPersistEventListener.java:55) ~[hibernate-core-5.4.12.Final.jar:5.4.12.Final]
	at org.hibernate.event.service.internal.EventListenerGroupImpl.fireEventOnEachListener(EventListenerGroupImpl.java:102) ~[hibernate-core-5.4.12.Final.jar:5.4.12.Final]
	at org.hibernate.internal.SessionImpl.firePersist(SessionImpl.java:710) ~[hibernate-core-5.4.12.Final.jar:5.4.12.Final]
	at org.hibernate.internal.SessionImpl.persist(SessionImpl.java:696) ~[hibernate-core-5.4.12.Final.jar:5.4.12.Final]
	at java.base/jdk.internal.reflect.NativeMethodAccessorImpl.invoke0(Native Method) ~[na:na]
	at java.base/jdk.internal.reflect.NativeMethodAccessorImpl.invoke(NativeMethodAccessorImpl.java:62) ~[na:na]
	at java.base/jdk.internal.reflect.DelegatingMethodAccessorImpl.invoke(DelegatingMethodAccessorImpl.java:43) ~[na:na]
	at java.base/java.lang.reflect.Method.invoke(Method.java:567) ~[na:na]
	at org.springframework.orm.jpa.ExtendedEntityManagerCreator$ExtendedEntityManagerInvocationHandler.invoke(ExtendedEntityManagerCreator.java:366) ~[spring-orm-5.2.5.RELEASE.jar:5.2.5.RELEASE]
	at com.sun.proxy.$Proxy205.persist(Unknown Source) ~[na:na]
	at java.base/jdk.internal.reflect.NativeMethodAccessorImpl.invoke0(Native Method) ~[na:na]
	at java.base/jdk.internal.reflect.NativeMethodAccessorImpl.invoke(NativeMethodAccessorImpl.java:62) ~[na:na]
	at java.base/jdk.internal.reflect.DelegatingMethodAccessorImpl.invoke(DelegatingMethodAccessorImpl.java:43) ~[na:na]
	at java.base/java.lang.reflect.Method.invoke(Method.java:567) ~[na:na]
	at org.springframework.orm.jpa.SharedEntityManagerCreator$SharedEntityManagerInvocationHandler.invoke(SharedEntityManagerCreator.java:314) ~[spring-orm-5.2.5.RELEASE.jar:5.2.5.RELEASE]
	at com.sun.proxy.$Proxy205.persist(Unknown Source) ~[na:na]
	at org.springframework.data.jpa.repository.support.SimpleJpaRepository.save(SimpleJpaRepository.java:554) ~[spring-data-jpa-2.2.6.RELEASE.jar:2.2.6.RELEASE]
	at java.base/jdk.internal.reflect.NativeMethodAccessorImpl.invoke0(Native Method) ~[na:na]
	at java.base/jdk.internal.reflect.NativeMethodAccessorImpl.invoke(NativeMethodAccessorImpl.java:62) ~[na:na]
	at java.base/jdk.internal.reflect.DelegatingMethodAccessorImpl.invoke(DelegatingMethodAccessorImpl.java:43) ~[na:na]
	at java.base/java.lang.reflect.Method.invoke(Method.java:567) ~[na:na]
	at org.springframework.data.repository.core.support.RepositoryComposition$RepositoryFragments.invoke(RepositoryComposition.java:371) ~[spring-data-commons-2.2.6.RELEASE.jar:2.2.6.RELEASE]
	at org.springframework.data.repository.core.support.RepositoryComposition.invoke(RepositoryComposition.java:204) ~[spring-data-commons-2.2.6.RELEASE.jar:2.2.6.RELEASE]
	at org.springframework.data.repository.core.support.RepositoryFactorySupport$ImplementationMethodExecutionInterceptor.invoke(RepositoryFactorySupport.java:657) ~[spring-data-commons-2.2.6.RELEASE.jar:2.2.6.RELEASE]
	at org.springframework.aop.framework.ReflectiveMethodInvocation.proceed(ReflectiveMethodInvocation.java:186) ~[spring-aop-5.2.5.RELEASE.jar:5.2.5.RELEASE]
	at org.springframework.data.repository.core.support.RepositoryFactorySupport$QueryExecutorMethodInterceptor.doInvoke(RepositoryFactorySupport.java:621) ~[spring-data-commons-2.2.6.RELEASE.jar:2.2.6.RELEASE]
	at org.springframework.data.repository.core.support.RepositoryFactorySupport$QueryExecutorMethodInterceptor.invoke(RepositoryFactorySupport.java:605) ~[spring-data-commons-2.2.6.RELEASE.jar:2.2.6.RELEASE]
	at org.springframework.aop.framework.ReflectiveMethodInvocation.proceed(ReflectiveMethodInvocation.java:186) ~[spring-aop-5.2.5.RELEASE.jar:5.2.5.RELEASE]
	at org.springframework.data.projection.DefaultMethodInvokingMethodInterceptor.invoke(DefaultMethodInvokingMethodInterceptor.java:80) ~[spring-data-commons-2.2.6.RELEASE.jar:2.2.6.RELEASE]
	at org.springframework.aop.framework.ReflectiveMethodInvocation.proceed(ReflectiveMethodInvocation.java:186) ~[spring-aop-5.2.5.RELEASE.jar:5.2.5.RELEASE]
	at org.springframework.transaction.interceptor.TransactionAspectSupport.invokeWithinTransaction(TransactionAspectSupport.java:366) ~[spring-tx-5.2.5.RELEASE.jar:5.2.5.RELEASE]
	at org.springframework.transaction.interceptor.TransactionInterceptor.invoke(TransactionInterceptor.java:118) ~[spring-tx-5.2.5.RELEASE.jar:5.2.5.RELEASE]
	at org.springframework.aop.framework.ReflectiveMethodInvocation.proceed(ReflectiveMethodInvocation.java:186) ~[spring-aop-5.2.5.RELEASE.jar:5.2.5.RELEASE]
	at org.springframework.dao.support.PersistenceExceptionTranslationInterceptor.invoke(PersistenceExceptionTranslationInterceptor.java:139) ~[spring-tx-5.2.5.RELEASE.jar:5.2.5.RELEASE]
	at org.springframework.aop.framework.ReflectiveMethodInvocation.proceed(ReflectiveMethodInvocation.java:186) ~[spring-aop-5.2.5.RELEASE.jar:5.2.5.RELEASE]
	at org.springframework.data.jpa.repository.support.CrudMethodMetadataPostProcessor$CrudMethodMetadataPopulatingMethodInterceptor.invoke(CrudMethodMetadataPostProcessor.java:178) ~[spring-data-jpa-2.2.6.RELEASE.jar:2.2.6.RELEASE]
	at org.springframework.aop.framework.ReflectiveMethodInvocation.proceed(ReflectiveMethodInvocation.java:186) ~[spring-aop-5.2.5.RELEASE.jar:5.2.5.RELEASE]
	at org.springframework.aop.interceptor.ExposeInvocationInterceptor.invoke(ExposeInvocationInterceptor.java:95) ~[spring-aop-5.2.5.RELEASE.jar:5.2.5.RELEASE]
	at org.springframework.aop.framework.ReflectiveMethodInvocation.proceed(ReflectiveMethodInvocation.java:186) ~[spring-aop-5.2.5.RELEASE.jar:5.2.5.RELEASE]
	at org.springframework.aop.framework.JdkDynamicAopProxy.invoke(JdkDynamicAopProxy.java:212) ~[spring-aop-5.2.5.RELEASE.jar:5.2.5.RELEASE]
	at com.sun.proxy.$Proxy207.save(Unknown Source) ~[na:na]
	at com.movie.rental.service.RentalServiceImpl.createRental(RentalServiceImpl.java:36) ~[classes/:na]
	at java.base/jdk.internal.reflect.NativeMethodAccessorImpl.invoke0(Native Method) ~[na:na]
	at java.base/jdk.internal.reflect.NativeMethodAccessorImpl.invoke(NativeMethodAccessorImpl.java:62) ~[na:na]
	at java.base/jdk.internal.reflect.DelegatingMethodAccessorImpl.invoke(DelegatingMethodAccessorImpl.java:43) ~[na:na]
	at java.base/java.lang.reflect.Method.invoke(Method.java:567) ~[na:na]
	at org.springframework.aop.support.AopUtils.invokeJoinpointUsingReflection(AopUtils.java:344) ~[spring-aop-5.2.5.RELEASE.jar:5.2.5.RELEASE]
	at org.springframework.aop.framework.JdkDynamicAopProxy.invoke(JdkDynamicAopProxy.java:205) ~[spring-aop-5.2.5.RELEASE.jar:5.2.5.RELEASE]
	at com.sun.proxy.$Proxy210.createRental(Unknown Source) ~[na:na]
	at com.movie.rental.controller.RentalController.createRental(RentalController.java:57) ~[classes/:na]
	at java.base/jdk.internal.reflect.NativeMethodAccessorImpl.invoke0(Native Method) ~[na:na]
	at java.base/jdk.internal.reflect.NativeMethodAccessorImpl.invoke(NativeMethodAccessorImpl.java:62) ~[na:na]
	at java.base/jdk.internal.reflect.DelegatingMethodAccessorImpl.invoke(DelegatingMethodAccessorImpl.java:43) ~[na:na]
	at java.base/java.lang.reflect.Method.invoke(Method.java:567) ~[na:na]
	at org.springframework.util.ReflectionUtils.invokeMethod(ReflectionUtils.java:282) ~[spring-core-5.2.5.RELEASE.jar:5.2.5.RELEASE]
	at org.springframework.cloud.context.scope.GenericScope$LockedScopedProxyFactoryBean.invoke(GenericScope.java:499) ~[spring-cloud-context-2.2.2.RELEASE.jar:2.2.2.RELEASE]
	at org.springframework.aop.framework.ReflectiveMethodInvocation.proceed(ReflectiveMethodInvocation.java:186) ~[spring-aop-5.2.5.RELEASE.jar:5.2.5.RELEASE]
	at org.springframework.aop.framework.CglibAopProxy$CglibMethodInvocation.proceed(CglibAopProxy.java:749) ~[spring-aop-5.2.5.RELEASE.jar:5.2.5.RELEASE]
	at org.springframework.aop.framework.CglibAopProxy$DynamicAdvisedInterceptor.intercept(CglibAopProxy.java:691) ~[spring-aop-5.2.5.RELEASE.jar:5.2.5.RELEASE]
	at com.movie.rental.controller.RentalController$$EnhancerBySpringCGLIB$$b030d9c1.createRental(<generated>) ~[classes/:na]
	at java.base/jdk.internal.reflect.NativeMethodAccessorImpl.invoke0(Native Method) ~[na:na]
	at java.base/jdk.internal.reflect.NativeMethodAccessorImpl.invoke(NativeMethodAccessorImpl.java:62) ~[na:na]
	at java.base/jdk.internal.reflect.DelegatingMethodAccessorImpl.invoke(DelegatingMethodAccessorImpl.java:43) ~[na:na]
	at java.base/java.lang.reflect.Method.invoke(Method.java:567) ~[na:na]
	at org.springframework.web.method.support.InvocableHandlerMethod.doInvoke(InvocableHandlerMethod.java:190) ~[spring-web-5.2.5.RELEASE.jar:5.2.5.RELEASE]
	at org.springframework.web.method.support.InvocableHandlerMethod.invokeForRequest(InvocableHandlerMethod.java:138) ~[spring-web-5.2.5.RELEASE.jar:5.2.5.RELEASE]
	at org.springframework.web.servlet.mvc.method.annotation.ServletInvocableHandlerMethod.invokeAndHandle(ServletInvocableHandlerMethod.java:105) ~[spring-webmvc-5.2.5.RELEASE.jar:5.2.5.RELEASE]
	at org.springframework.web.servlet.mvc.method.annotation.RequestMappingHandlerAdapter.invokeHandlerMethod(RequestMappingHandlerAdapter.java:879) ~[spring-webmvc-5.2.5.RELEASE.jar:5.2.5.RELEASE]
	at org.springframework.web.servlet.mvc.method.annotation.RequestMappingHandlerAdapter.handleInternal(RequestMappingHandlerAdapter.java:793) ~[spring-webmvc-5.2.5.RELEASE.jar:5.2.5.RELEASE]
	at org.springframework.web.servlet.mvc.method.AbstractHandlerMethodAdapter.handle(AbstractHandlerMethodAdapter.java:87) ~[spring-webmvc-5.2.5.RELEASE.jar:5.2.5.RELEASE]
	at org.springframework.web.servlet.DispatcherServlet.doDispatch(DispatcherServlet.java:1040) ~[spring-webmvc-5.2.5.RELEASE.jar:5.2.5.RELEASE]
	at org.springframework.web.servlet.DispatcherServlet.doService(DispatcherServlet.java:943) ~[spring-webmvc-5.2.5.RELEASE.jar:5.2.5.RELEASE]
	at org.springframework.web.servlet.FrameworkServlet.processRequest(FrameworkServlet.java:1006) ~[spring-webmvc-5.2.5.RELEASE.jar:5.2.5.RELEASE]
	at org.springframework.web.servlet.FrameworkServlet.doPost(FrameworkServlet.java:909) ~[spring-webmvc-5.2.5.RELEASE.jar:5.2.5.RELEASE]
	at javax.servlet.http.HttpServlet.service(HttpServlet.java:660) ~[tomcat-embed-core-9.0.33.jar:9.0.33]
	at org.springframework.web.servlet.FrameworkServlet.service(FrameworkServlet.java:883) ~[spring-webmvc-5.2.5.RELEASE.jar:5.2.5.RELEASE]
	at javax.servlet.http.HttpServlet.service(HttpServlet.java:741) ~[tomcat-embed-core-9.0.33.jar:9.0.33]
	at org.apache.catalina.core.ApplicationFilterChain.internalDoFilter(ApplicationFilterChain.java:231) ~[tomcat-embed-core-9.0.33.jar:9.0.33]
	at org.apache.catalina.core.ApplicationFilterChain.doFilter(ApplicationFilterChain.java:166) ~[tomcat-embed-core-9.0.33.jar:9.0.33]
	at org.apache.tomcat.websocket.server.WsFilter.doFilter(WsFilter.java:53) ~[tomcat-embed-websocket-9.0.33.jar:9.0.33]
	at org.apache.catalina.core.ApplicationFilterChain.internalDoFilter(ApplicationFilterChain.java:193) ~[tomcat-embed-core-9.0.33.jar:9.0.33]
	at org.apache.catalina.core.ApplicationFilterChain.doFilter(ApplicationFilterChain.java:166) ~[tomcat-embed-core-9.0.33.jar:9.0.33]
	at org.springframework.web.filter.RequestContextFilter.doFilterInternal(RequestContextFilter.java:100) ~[spring-web-5.2.5.RELEASE.jar:5.2.5.RELEASE]
	at org.springframework.web.filter.OncePerRequestFilter.doFilter(OncePerRequestFilter.java:119) ~[spring-web-5.2.5.RELEASE.jar:5.2.5.RELEASE]
	at org.apache.catalina.core.ApplicationFilterChain.internalDoFilter(ApplicationFilterChain.java:193) ~[tomcat-embed-core-9.0.33.jar:9.0.33]
	at org.apache.catalina.core.ApplicationFilterChain.doFilter(ApplicationFilterChain.java:166) ~[tomcat-embed-core-9.0.33.jar:9.0.33]
	at org.springframework.web.filter.FormContentFilter.doFilterInternal(FormContentFilter.java:93) ~[spring-web-5.2.5.RELEASE.jar:5.2.5.RELEASE]
	at org.springframework.web.filter.OncePerRequestFilter.doFilter(OncePerRequestFilter.java:119) ~[spring-web-5.2.5.RELEASE.jar:5.2.5.RELEASE]
	at org.apache.catalina.core.ApplicationFilterChain.internalDoFilter(ApplicationFilterChain.java:193) ~[tomcat-embed-core-9.0.33.jar:9.0.33]
	at org.apache.catalina.core.ApplicationFilterChain.doFilter(ApplicationFilterChain.java:166) ~[tomcat-embed-core-9.0.33.jar:9.0.33]
	at org.springframework.boot.actuate.metrics.web.servlet.WebMvcMetricsFilter.doFilterInternal(WebMvcMetricsFilter.java:109) ~[spring-boot-actuator-2.2.6.RELEASE.jar:2.2.6.RELEASE]
	at org.springframework.web.filter.OncePerRequestFilter.doFilter(OncePerRequestFilter.java:119) ~[spring-web-5.2.5.RELEASE.jar:5.2.5.RELEASE]
	at org.apache.catalina.core.ApplicationFilterChain.internalDoFilter(ApplicationFilterChain.java:193) ~[tomcat-embed-core-9.0.33.jar:9.0.33]
	at org.apache.catalina.core.ApplicationFilterChain.doFilter(ApplicationFilterChain.java:166) ~[tomcat-embed-core-9.0.33.jar:9.0.33]
	at org.springframework.web.filter.CharacterEncodingFilter.doFilterInternal(CharacterEncodingFilter.java:201) ~[spring-web-5.2.5.RELEASE.jar:5.2.5.RELEASE]
	at org.springframework.web.filter.OncePerRequestFilter.doFilter(OncePerRequestFilter.java:119) ~[spring-web-5.2.5.RELEASE.jar:5.2.5.RELEASE]
	at org.apache.catalina.core.ApplicationFilterChain.internalDoFilter(ApplicationFilterChain.java:193) ~[tomcat-embed-core-9.0.33.jar:9.0.33]
	at org.apache.catalina.core.ApplicationFilterChain.doFilter(ApplicationFilterChain.java:166) ~[tomcat-embed-core-9.0.33.jar:9.0.33]
	at org.apache.catalina.core.StandardWrapperValve.invoke(StandardWrapperValve.java:202) ~[tomcat-embed-core-9.0.33.jar:9.0.33]
	at org.apache.catalina.core.StandardContextValve.invoke(StandardContextValve.java:96) ~[tomcat-embed-core-9.0.33.jar:9.0.33]
	at org.apache.catalina.authenticator.AuthenticatorBase.invoke(AuthenticatorBase.java:541) ~[tomcat-embed-core-9.0.33.jar:9.0.33]
	at org.apache.catalina.core.StandardHostValve.invoke(StandardHostValve.java:139) ~[tomcat-embed-core-9.0.33.jar:9.0.33]
	at org.apache.catalina.valves.ErrorReportValve.invoke(ErrorReportValve.java:92) ~[tomcat-embed-core-9.0.33.jar:9.0.33]
	at org.apache.catalina.core.StandardEngineValve.invoke(StandardEngineValve.java:74) ~[tomcat-embed-core-9.0.33.jar:9.0.33]
	at org.apache.catalina.connector.CoyoteAdapter.service(CoyoteAdapter.java:343) ~[tomcat-embed-core-9.0.33.jar:9.0.33]
	at org.apache.coyote.http11.Http11Processor.service(Http11Processor.java:373) ~[tomcat-embed-core-9.0.33.jar:9.0.33]
	at org.apache.coyote.AbstractProcessorLight.process(AbstractProcessorLight.java:65) ~[tomcat-embed-core-9.0.33.jar:9.0.33]
	at org.apache.coyote.AbstractProtocol$ConnectionHandler.process(AbstractProtocol.java:868) ~[tomcat-embed-core-9.0.33.jar:9.0.33]
	at org.apache.tomcat.util.net.NioEndpoint$SocketProcessor.doRun(NioEndpoint.java:1594) ~[tomcat-embed-core-9.0.33.jar:9.0.33]
	at org.apache.tomcat.util.net.SocketProcessorBase.run(SocketProcessorBase.java:49) ~[tomcat-embed-core-9.0.33.jar:9.0.33]
	at java.base/java.util.concurrent.ThreadPoolExecutor.runWorker(ThreadPoolExecutor.java:1128) ~[na:na]
	at java.base/java.util.concurrent.ThreadPoolExecutor$Worker.run(ThreadPoolExecutor.java:628) ~[na:na]
	at org.apache.tomcat.util.threads.TaskThread$WrappingRunnable.run(TaskThread.java:61) ~[tomcat-embed-core-9.0.33.jar:9.0.33]
	at java.base/java.lang.Thread.run(Thread.java:830) ~[na:na]

2020-05-07 22:44:58.121  INFO 928 --- [ServiceLookup-2] com.movie.rental.service.RentalService   : Looking up for the user2 ServiceLookup-2
2020-05-07 22:44:58.121  INFO 928 --- [ServiceLookup-1] com.movie.rental.service.RentalService   : Looking for Movie2 ServiceLookup-1
2020-05-07 22:44:58.142  INFO 928 --- [ServiceLookup-1] com.movie.rental.service.RentalService   : Finally Found Movie2
2020-05-07 22:45:00.143  INFO 928 --- [ServiceLookup-2] com.movie.rental.service.RentalService   : Finally Found User2
2020-05-07 22:45:00.144  INFO 928 --- [http-nio-8023-exec-4] com.movie.rental.service.RentalService   : test loghttp-nio-8023-exec-4
2020-05-07 22:49:12.434  INFO 928 --- [AsyncResolver-bootstrap-executor-0] c.n.d.s.r.aws.ConfigClusterResolver      : Resolving eureka endpoints via configuration
2020-05-07 22:49:28.572  INFO 928 --- [Thread-32] o.s.c.n.e.s.EurekaServiceRegistry        : Unregistering application RENTAL-SERVICE with eureka with status DOWN
2020-05-07 22:49:28.573  WARN 928 --- [Thread-32] com.netflix.discovery.DiscoveryClient    : Saw local status change event StatusChangeEvent [timestamp=1588871968573, current=DOWN, previous=UP]
2020-05-07 22:49:28.573  INFO 928 --- [DiscoveryClient-InstanceInfoReplicator-0] com.netflix.discovery.DiscoveryClient    : DiscoveryClient_RENTAL-SERVICE/LAPTOP-LEL9689K:rental-service:8023: registering service...
2020-05-07 22:49:28.577  INFO 928 --- [Thread-32] o.s.s.concurrent.ThreadPoolTaskExecutor  : Shutting down ExecutorService 'taskExecutor'
2020-05-07 22:49:28.581  INFO 928 --- [Thread-32] c.n.u.concurrent.ShutdownEnabledTimer    : Shutdown hook removed for: NFLoadBalancer-PingTimer-movie-service
2020-05-07 22:49:28.582  INFO 928 --- [DiscoveryClient-InstanceInfoReplicator-0] com.netflix.discovery.DiscoveryClient    : DiscoveryClient_RENTAL-SERVICE/LAPTOP-LEL9689K:rental-service:8023 - registration status: 204
2020-05-07 22:49:28.584  INFO 928 --- [Thread-32] c.n.u.concurrent.ShutdownEnabledTimer    : Shutdown hook removed for: NFLoadBalancer-PingTimer-user-service
2020-05-07 22:49:28.588  INFO 928 --- [Thread-32] j.LocalContainerEntityManagerFactoryBean : Closing JPA EntityManagerFactory for persistence unit 'default'
2020-05-07 22:49:28.591  INFO 928 --- [Thread-32] com.zaxxer.hikari.HikariDataSource       : HikariPool-4 - Shutdown initiated...
2020-05-07 22:49:28.609  INFO 928 --- [Thread-32] com.zaxxer.hikari.HikariDataSource       : HikariPool-4 - Shutdown completed.
2020-05-07 22:49:28.611  INFO 928 --- [Thread-32] com.netflix.discovery.DiscoveryClient    : Shutting down DiscoveryClient ...
2020-05-07 22:49:31.614  INFO 928 --- [Thread-32] com.netflix.discovery.DiscoveryClient    : Unregistering ...
2020-05-07 22:49:31.619  INFO 928 --- [Thread-32] com.netflix.discovery.DiscoveryClient    : DiscoveryClient_RENTAL-SERVICE/LAPTOP-LEL9689K:rental-service:8023 - deregister  status: 200
2020-05-07 22:49:31.645  INFO 928 --- [Thread-32] com.netflix.discovery.DiscoveryClient    : Completed shut down of DiscoveryClient
